<?xml version="1.0" encoding="UTF-8"?>
<testsuite name="com.beta.replyservice.ServiceTest" tests="3" skipped="0" failures="0" errors="0" timestamp="2023-11-25T07:28:29" hostname="GAURISHPC" time="0.778">
  <properties/>
  <testcase name="testReplyMessageV2_InvalidCase()" classname="com.beta.replyservice.ServiceTest" time="0.748"/>
  <testcase name="testReplyMessageV2_Rule1()" classname="com.beta.replyservice.ServiceTest" time="0.016"/>
  <testcase name="testReplyMessageV2_Rule2()" classname="com.beta.replyservice.ServiceTest" time="0.01"/>
  <system-out><![CDATA[12:58:25.590 [Test worker] DEBUG org.springframework.test.context.BootstrapUtils - Instantiating CacheAwareContextLoaderDelegate from class [org.springframework.test.context.cache.DefaultCacheAwareContextLoaderDelegate]
12:58:25.606 [Test worker] DEBUG org.springframework.test.context.BootstrapUtils - Instantiating BootstrapContext using constructor [public org.springframework.test.context.support.DefaultBootstrapContext(java.lang.Class,org.springframework.test.context.CacheAwareContextLoaderDelegate)]
12:58:25.652 [Test worker] DEBUG org.springframework.test.context.BootstrapUtils - Instantiating TestContextBootstrapper for test class [com.beta.replyservice.ServiceTest] from class [org.springframework.boot.test.context.SpringBootTestContextBootstrapper]
12:58:25.684 [Test worker] INFO org.springframework.boot.test.context.SpringBootTestContextBootstrapper - Neither @ContextConfiguration nor @ContextHierarchy found for test class [com.beta.replyservice.ServiceTest], using SpringBootContextLoader
12:58:25.684 [Test worker] DEBUG org.springframework.test.context.support.AbstractContextLoader - Did not detect default resource location for test class [com.beta.replyservice.ServiceTest]: class path resource [com/beta/replyservice/ServiceTest-context.xml] does not exist
12:58:25.684 [Test worker] DEBUG org.springframework.test.context.support.AbstractContextLoader - Did not detect default resource location for test class [com.beta.replyservice.ServiceTest]: class path resource [com/beta/replyservice/ServiceTestContext.groovy] does not exist
12:58:25.684 [Test worker] INFO org.springframework.test.context.support.AbstractContextLoader - Could not detect default resource locations for test class [com.beta.replyservice.ServiceTest]: no resource found for suffixes {-context.xml, Context.groovy}.
12:58:25.684 [Test worker] INFO org.springframework.test.context.support.AnnotationConfigContextLoaderUtils - Could not detect default configuration classes for test class [com.beta.replyservice.ServiceTest]: ServiceTest does not declare any static, non-private, non-final, nested classes annotated with @Configuration.
12:58:25.746 [Test worker] DEBUG org.springframework.test.context.support.ActiveProfilesUtils - Could not find an 'annotation declaring class' for annotation type [org.springframework.test.context.ActiveProfiles] and class [com.beta.replyservice.ServiceTest]
12:58:25.887 [Test worker] DEBUG org.springframework.context.annotation.ClassPathScanningCandidateComponentProvider - Identified candidate component class: file [C:\Users\gaurish\Downloads\string-reply-exercise (2)\string-reply\build\classes\java\main\com\beta\replyservice\RestServiceApplication.class]
12:58:25.902 [Test worker] INFO org.springframework.boot.test.context.SpringBootTestContextBootstrapper - Found @SpringBootConfiguration com.beta.replyservice.RestServiceApplication for test class com.beta.replyservice.ServiceTest
12:58:26.106 [Test worker] DEBUG org.springframework.boot.test.context.SpringBootTestContextBootstrapper - @TestExecutionListeners is not present for class [com.beta.replyservice.ServiceTest]: using defaults.
12:58:26.106 [Test worker] INFO org.springframework.boot.test.context.SpringBootTestContextBootstrapper - Loaded default TestExecutionListener class names from location [META-INF/spring.factories]: [org.springframework.boot.test.autoconfigure.restdocs.RestDocsTestExecutionListener, org.springframework.boot.test.autoconfigure.web.client.MockRestServiceServerResetTestExecutionListener, org.springframework.boot.test.autoconfigure.web.servlet.MockMvcPrintOnlyOnFailureTestExecutionListener, org.springframework.boot.test.autoconfigure.web.servlet.WebDriverTestExecutionListener, org.springframework.boot.test.autoconfigure.webservices.client.MockWebServiceServerTestExecutionListener, org.springframework.boot.test.mock.mockito.MockitoTestExecutionListener, org.springframework.boot.test.mock.mockito.ResetMocksTestExecutionListener, org.springframework.test.context.web.ServletTestExecutionListener, org.springframework.test.context.support.DirtiesContextBeforeModesTestExecutionListener, org.springframework.test.context.support.DependencyInjectionTestExecutionListener, org.springframework.test.context.support.DirtiesContextTestExecutionListener, org.springframework.test.context.transaction.TransactionalTestExecutionListener, org.springframework.test.context.jdbc.SqlScriptsTestExecutionListener, org.springframework.test.context.event.EventPublishingTestExecutionListener]
12:58:26.137 [Test worker] DEBUG org.springframework.boot.test.context.SpringBootTestContextBootstrapper - Skipping candidate TestExecutionListener [org.springframework.test.context.transaction.TransactionalTestExecutionListener] due to a missing dependency. Specify custom listener classes or make the default listener classes and their required dependencies available. Offending class: [org/springframework/transaction/interceptor/TransactionAttributeSource]
12:58:26.137 [Test worker] DEBUG org.springframework.boot.test.context.SpringBootTestContextBootstrapper - Skipping candidate TestExecutionListener [org.springframework.test.context.jdbc.SqlScriptsTestExecutionListener] due to a missing dependency. Specify custom listener classes or make the default listener classes and their required dependencies available. Offending class: [org/springframework/transaction/interceptor/TransactionAttribute]
12:58:26.137 [Test worker] INFO org.springframework.boot.test.context.SpringBootTestContextBootstrapper - Using TestExecutionListeners: [org.springframework.test.context.web.ServletTestExecutionListener@393a529b, org.springframework.test.context.support.DirtiesContextBeforeModesTestExecutionListener@48b1e395, org.springframework.boot.test.mock.mockito.MockitoTestExecutionListener@688d1e31, org.springframework.boot.test.autoconfigure.SpringBootDependencyInjectionTestExecutionListener@383d02d4, org.springframework.test.context.support.DirtiesContextTestExecutionListener@537821c2, org.springframework.test.context.event.EventPublishingTestExecutionListener@1412dd73, org.springframework.boot.test.autoconfigure.restdocs.RestDocsTestExecutionListener@14ee3556, org.springframework.boot.test.autoconfigure.web.client.MockRestServiceServerResetTestExecutionListener@4415aebd, org.springframework.boot.test.autoconfigure.web.servlet.MockMvcPrintOnlyOnFailureTestExecutionListener@5671e1cc, org.springframework.boot.test.autoconfigure.web.servlet.WebDriverTestExecutionListener@540a5734, org.springframework.boot.test.autoconfigure.webservices.client.MockWebServiceServerTestExecutionListener@31ab8c66, org.springframework.boot.test.mock.mockito.ResetMocksTestExecutionListener@5822aca8]
12:58:26.137 [Test worker] DEBUG org.springframework.test.context.support.AbstractDirtiesContextTestExecutionListener - Before test class: context [DefaultTestContext@69106d1 testClass = ServiceTest, testInstance = [null], testMethod = [null], testException = [null], mergedContextConfiguration = [WebMergedContextConfiguration@8fb5c50 testClass = ServiceTest, locations = '{}', classes = '{class com.beta.replyservice.RestServiceApplication}', contextInitializerClasses = '[]', activeProfiles = '{}', propertySourceLocations = '{}', propertySourceProperties = '{org.springframework.boot.test.context.SpringBootTestContextBootstrapper=true}', contextCustomizers = set[org.springframework.boot.test.autoconfigure.properties.PropertyMappingContextCustomizer@0, org.springframework.boot.test.autoconfigure.web.servlet.WebDriverContextCustomizerFactory$Customizer@479a4b9b, org.springframework.boot.test.context.filter.ExcludeFilterContextCustomizer@b76464f, org.springframework.boot.test.json.DuplicateJsonObjectContextCustomizerFactory$DuplicateJsonObjectContextCustomizer@2a6fd14f, org.springframework.boot.test.mock.mockito.MockitoContextCustomizer@0, org.springframework.boot.test.web.client.TestRestTemplateContextCustomizer@a1bc9a7, org.springframework.boot.test.context.SpringBootTestArgs@1], resourceBasePath = 'src/main/webapp', contextLoader = 'org.springframework.boot.test.context.SpringBootContextLoader', parent = [null]], attributes = map['org.springframework.test.context.web.ServletTestExecutionListener.activateListener' -> true]], class annotated with @DirtiesContext [false] with mode [null].
12:58:26.199 [Test worker] DEBUG org.springframework.test.context.support.TestPropertySourceUtils - Adding inlined properties to environment: {spring.jmx.enabled=false, org.springframework.boot.test.context.SpringBootTestContextBootstrapper=true}

  .   ____          _            __ _ _
 /\\ / ___'_ __ _ _(_)_ __  __ _ \ \ \ \
( ( )\___ | '_ | '_| | '_ \/ _` | \ \ \ \
 \\/  ___)| |_)| | | | | || (_| |  ) ) ) )
  '  |____| .__|_| |_|_| |_\__, | / / / /
 =========|_|==============|___/=/_/_/_/
 :: Spring Boot ::        (v2.3.2.RELEASE)

2023-11-25 12:58:26.731  INFO 12436 --- [    Test worker] com.beta.replyservice.ServiceTest        : Starting ServiceTest on GaurishPc with PID 12436 (started by gauri in C:\Users\gaurish\Downloads\string-reply-exercise (2)\string-reply)
2023-11-25 12:58:26.731  INFO 12436 --- [    Test worker] com.beta.replyservice.ServiceTest        : No active profile set, falling back to default profiles: default
2023-11-25 12:58:28.809  INFO 12436 --- [    Test worker] o.s.s.concurrent.ThreadPoolTaskExecutor  : Initializing ExecutorService 'applicationTaskExecutor'
2023-11-25 12:58:29.746  INFO 12436 --- [    Test worker] com.beta.replyservice.ServiceTest        : Started ServiceTest in 3.532 seconds (JVM running for 5.893)
]]></system-out>
  <system-err><![CDATA[]]></system-err>
</testsuite>
